<?xml version="1.0" encoding="UTF-8"?>
<!-- Generated by org.testng.reporters.JUnitReportReporter -->
<testsuite hostname="uewek-Aspire-A315-59" failures="0" tests="1" name="tests.PlexsupplyCategoryFiltrationTest" time="41.361" errors="0" timestamp="2024-12-08T17:43:23 CET" skipped="0">
  <testcase classname="tests.PlexsupplyCategoryFiltrationTest" name="fitersCategory" time="41.361"/>
  <system-out/>
</testsuite> <!-- tests.PlexsupplyCategoryFiltrationTest -->
