<?xml version="1.0" encoding="UTF-8"?>
<!-- Generated by org.testng.reporters.JUnitReportReporter -->
<testsuite hostname="uewek-Aspire-A315-59" failures="0" tests="1" name="tests.PlexsupplyCheckoutGuestRemoveSingleItemTest" time="32.757" errors="0" timestamp="2024-12-08T17:43:23 CET" skipped="0">
  <testcase classname="tests.PlexsupplyCheckoutGuestRemoveSingleItemTest" name="plexSupplyGuestRemoveSingleItemOnCheckout" time="32.757"/>
  <system-out/>
</testsuite> <!-- tests.PlexsupplyCheckoutGuestRemoveSingleItemTest -->
